Tue, Mar 25, 2025  8:05:21 PM: 
 list.c | 5 ++++-
 1 file changed, 4 insertions(+), 1 deletion(-)
In file included from test.c:5:0:
list.c: In function 'L':
list.c:32:22: error: expected declaration specifiers before 'malloc'
     List *L (List *) malloc(sizeof(List));
                      ^~~~~~
list.c:33:5: error: expected declaration specifiers before 'L'
     L->current = 0;
     ^
list.c:34:5: error: expected declaration specifiers before 'L'
     L->size = 0;
     ^
list.c:35:6: error: expected declaration specifiers before 'return'
      return L;
      ^~~~~~
list.c:36:1: error: expected declaration specifiers before '}' token
 }
 ^
list.c:38:31: error: expected '=', ',', ';', 'asm' or '__attribute__' before '{' token
 void * firstList(List * list) {
                               ^
list.c:42:30: error: expected '=', ',', ';', 'asm' or '__attribute__' before '{' token
 void * nextList(List * list) {
                              ^
list.c:46:30: error: expected '=', ',', ';', 'asm' or '__attribute__' before '{' token
 void * lastList(List * list) {
                              ^
list.c:50:30: error: expected '=', ',', ';', 'asm' or '__attribute__' before '{' token
 void * prevList(List * list) {
                              ^
list.c:54:42: error: expected '=', ',', ';', 'asm' or '__attribute__' before '{' token
 void pushFront(List * list, void * data) {
                                          ^
list.c:57:41: error: expected '=', ',', ';', 'asm' or '__attribute__' before '{' token
 void pushBack(List * list, void * data) {
                                         ^
list.c:62:44: error: expected '=', ',', ';', 'asm' or '__attribute__' before '{' token
 void pushCurrent(List * list, void * data) {
                                            ^
list.c:65:30: error: expected '=', ',', ';', 'asm' or '__attribute__' before '{' token
 void * popFront(List * list) {
                              ^
list.c:70:29: error: expected '=', ',', ';', 'asm' or '__attribute__' before '{' token
 void * popBack(List * list) {
                             ^
list.c:75:32: error: expected '=', ',', ';', 'asm' or '__attribute__' before '{' token
 void * popCurrent(List * list) {
                                ^
list.c:79:29: error: expected '=', ',', ';', 'asm' or '__attribute__' before '{' token
 void cleanList(List * list) {
                             ^
test.c:9:1: error: parameter 'test_id' is initialized
 int test_id = -1;
 ^~~
test.c:12:14: error: expected '=', ',', ';', 'asm' or '__attribute__' before '{' token
 int success(){
              ^
test.c:17:24: error: expected '=', ',', ';', 'asm' or '__attribute__' before '{' token
 void err_msg(char* msg){
                        ^
test.c:24:23: error: expected '=', ',', ';', 'asm' or '__attribute__' before '{' token
 void ok_msg(char* msg){
                       ^
test.c:30:25: error: expected '=', ',', ';', 'asm' or '__attribute__' before '{' token
 void info_msg(char* msg){
                         ^
test.c:35:75: error: expected '=', ',', ';', 'asm' or '__attribute__' before '{' token
 int test_suite(int(*test)(), char* msg, int max_score, int id, int req_id){
                                                                           ^
test.c:51:26: error: expected '=', ',', ';', 'asm' or '__attribute__' before '{' token
 List* initialize_exList(){
                          ^
test.c:73:29: error: expected '=', ',', ';', 'asm' or '__attribute__' before '{' token
 List* initialize_emptyList(){
                             ^
test.c:83:18: error: expected '=', ',', ';', 'asm' or '__attribute__' before '{' token
 int test_create(){
                  ^
test.c:98:22: error: expected '=', ',', ';', 'asm' or '__attribute__' before '{' token
 int test_first_next(){
                      ^
test.c:171:21: error: expected '=', ',', ';', 'asm' or '__attribute__' before '{' token
 int test_last_prev(){
                     ^
test.c:233:21: error: expected '=', ',', ';', 'asm' or '__attribute__' before '{' token
 int test_pushfront(){
                     ^
test.c:298:23: error: expected '=', ',', ';', 'asm' or '__attribute__' before '{' token
 int test_pushcurrent(){
                       ^
test.c:357:22: error: expected '=', ',', ';', 'asm' or '__attribute__' before '{' token
 int test_popcurrent(){
                      ^
test.c:448:36: error: expected '=', ',', ';', 'asm' or '__attribute__' before '{' token
 int main( int argc, char *argv[] ) {
                                    ^
In file included from test.c:5:0:
list.c:32:11: error: old-style parameter declarations in prototyped function definition
     List *L (List *) malloc(sizeof(List));
           ^
list.c:32:5: error: parameter name omitted
     List *L (List *) malloc(sizeof(List));
     ^~~~
test.c:468:1: error: expected '{' at end of input
 }
 ^
test.c:468:1: error: no return statement in function returning non-void [-Werror=return-type]
test.c: In function 'createList':
test.c:468:1: error: expected declaration or statement at end of input
test.c:468:1: error: control reaches end of non-void function [-Werror=return-type]
 }
 ^
In file included from test.c:5:0:
At top level:
list.c:32:11: error: 'L' defined but not used [-Werror=unused-function]
     List *L (List *) malloc(sizeof(List));
           ^
cc1.exe: all warnings being treated as errors
Compilation failed
25021aa
Tue, Mar 25, 2025  8:05:35 PM: 
In file included from test.c:5:0:
list.c: In function 'L':
list.c:32:22: error: expected declaration specifiers before 'malloc'
     List *L (List *) malloc(sizeof(List));
                      ^~~~~~
list.c:33:5: error: expected declaration specifiers before 'L'
     L->current = 0;
     ^
list.c:34:5: error: expected declaration specifiers before 'L'
     L->size = 0;
     ^
list.c:35:6: error: expected declaration specifiers before 'return'
      return L;
      ^~~~~~
list.c:36:1: error: expected declaration specifiers before '}' token
 }
 ^
list.c:38:31: error: expected '=', ',', ';', 'asm' or '__attribute__' before '{' token
 void * firstList(List * list) {
                               ^
list.c:42:30: error: expected '=', ',', ';', 'asm' or '__attribute__' before '{' token
 void * nextList(List * list) {
                              ^
list.c:46:30: error: expected '=', ',', ';', 'asm' or '__attribute__' before '{' token
 void * lastList(List * list) {
                              ^
list.c:50:30: error: expected '=', ',', ';', 'asm' or '__attribute__' before '{' token
 void * prevList(List * list) {
                              ^
list.c:54:42: error: expected '=', ',', ';', 'asm' or '__attribute__' before '{' token
 void pushFront(List * list, void * data) {
                                          ^
list.c:57:41: error: expected '=', ',', ';', 'asm' or '__attribute__' before '{' token
 void pushBack(List * list, void * data) {
                                         ^
list.c:62:44: error: expected '=', ',', ';', 'asm' or '__attribute__' before '{' token
 void pushCurrent(List * list, void * data) {
                                            ^
list.c:65:30: error: expected '=', ',', ';', 'asm' or '__attribute__' before '{' token
 void * popFront(List * list) {
                              ^
list.c:70:29: error: expected '=', ',', ';', 'asm' or '__attribute__' before '{' token
 void * popBack(List * list) {
                             ^
list.c:75:32: error: expected '=', ',', ';', 'asm' or '__attribute__' before '{' token
 void * popCurrent(List * list) {
                                ^
list.c:79:29: error: expected '=', ',', ';', 'asm' or '__attribute__' before '{' token
 void cleanList(List * list) {
                             ^
test.c:9:1: error: parameter 'test_id' is initialized
 int test_id = -1;
 ^~~
test.c:12:14: error: expected '=', ',', ';', 'asm' or '__attribute__' before '{' token
 int success(){
              ^
test.c:17:24: error: expected '=', ',', ';', 'asm' or '__attribute__' before '{' token
 void err_msg(char* msg){
                        ^
test.c:24:23: error: expected '=', ',', ';', 'asm' or '__attribute__' before '{' token
 void ok_msg(char* msg){
                       ^
test.c:30:25: error: expected '=', ',', ';', 'asm' or '__attribute__' before '{' token
 void info_msg(char* msg){
                         ^
test.c:35:75: error: expected '=', ',', ';', 'asm' or '__attribute__' before '{' token
 int test_suite(int(*test)(), char* msg, int max_score, int id, int req_id){
                                                                           ^
test.c:51:26: error: expected '=', ',', ';', 'asm' or '__attribute__' before '{' token
 List* initialize_exList(){
                          ^
test.c:73:29: error: expected '=', ',', ';', 'asm' or '__attribute__' before '{' token
 List* initialize_emptyList(){
                             ^
test.c:83:18: error: expected '=', ',', ';', 'asm' or '__attribute__' before '{' token
 int test_create(){
                  ^
test.c:98:22: error: expected '=', ',', ';', 'asm' or '__attribute__' before '{' token
 int test_first_next(){
                      ^
test.c:171:21: error: expected '=', ',', ';', 'asm' or '__attribute__' before '{' token
 int test_last_prev(){
                     ^
test.c:233:21: error: expected '=', ',', ';', 'asm' or '__attribute__' before '{' token
 int test_pushfront(){
                     ^
test.c:298:23: error: expected '=', ',', ';', 'asm' or '__attribute__' before '{' token
 int test_pushcurrent(){
                       ^
test.c:357:22: error: expected '=', ',', ';', 'asm' or '__attribute__' before '{' token
 int test_popcurrent(){
                      ^
test.c:448:36: error: expected '=', ',', ';', 'asm' or '__attribute__' before '{' token
 int main( int argc, char *argv[] ) {
                                    ^
In file included from test.c:5:0:
list.c:32:11: error: old-style parameter declarations in prototyped function definition
     List *L (List *) malloc(sizeof(List));
           ^
list.c:32:5: error: parameter name omitted
     List *L (List *) malloc(sizeof(List));
     ^~~~
test.c:468:1: error: expected '{' at end of input
 }
 ^
test.c:468:1: error: no return statement in function returning non-void [-Werror=return-type]
test.c: In function 'createList':
test.c:468:1: error: expected declaration or statement at end of input
test.c:468:1: error: control reaches end of non-void function [-Werror=return-type]
 }
 ^
In file included from test.c:5:0:
At top level:
list.c:32:11: error: 'L' defined but not used [-Werror=unused-function]
     List *L (List *) malloc(sizeof(List));
           ^
cc1.exe: all warnings being treated as errors
Compilation failed
85d1c81
Tue, Mar 25, 2025  8:06:49 PM: 
In file included from test.c:5:0:
list.c: In function 'L':
list.c:32:22: error: expected declaration specifiers before 'malloc'
     List *L (List *) malloc(sizeof(List));
                      ^~~~~~
list.c:33:5: error: expected declaration specifiers before 'L'
     L->current = 0;
     ^
list.c:34:5: error: expected declaration specifiers before 'L'
     L->size = 0;
     ^
list.c:35:5: error: expected declaration specifiers before 'return'
     return L;
     ^~~~~~
list.c:36:1: error: expected declaration specifiers before '}' token
 }
 ^
list.c:38:31: error: expected '=', ',', ';', 'asm' or '__attribute__' before '{' token
 void * firstList(List * list) {
                               ^
list.c:42:30: error: expected '=', ',', ';', 'asm' or '__attribute__' before '{' token
 void * nextList(List * list) {
                              ^
list.c:46:30: error: expected '=', ',', ';', 'asm' or '__attribute__' before '{' token
 void * lastList(List * list) {
                              ^
list.c:50:30: error: expected '=', ',', ';', 'asm' or '__attribute__' before '{' token
 void * prevList(List * list) {
                              ^
list.c:54:42: error: expected '=', ',', ';', 'asm' or '__attribute__' before '{' token
 void pushFront(List * list, void * data) {
                                          ^
list.c:57:41: error: expected '=', ',', ';', 'asm' or '__attribute__' before '{' token
 void pushBack(List * list, void * data) {
                                         ^
list.c:62:44: error: expected '=', ',', ';', 'asm' or '__attribute__' before '{' token
 void pushCurrent(List * list, void * data) {
                                            ^
list.c:65:30: error: expected '=', ',', ';', 'asm' or '__attribute__' before '{' token
 void * popFront(List * list) {
                              ^
list.c:70:29: error: expected '=', ',', ';', 'asm' or '__attribute__' before '{' token
 void * popBack(List * list) {
                             ^
list.c:75:32: error: expected '=', ',', ';', 'asm' or '__attribute__' before '{' token
 void * popCurrent(List * list) {
                                ^
list.c:79:29: error: expected '=', ',', ';', 'asm' or '__attribute__' before '{' token
 void cleanList(List * list) {
                             ^
test.c:9:1: error: parameter 'test_id' is initialized
 int test_id = -1;
 ^~~
test.c:12:14: error: expected '=', ',', ';', 'asm' or '__attribute__' before '{' token
 int success(){
              ^
test.c:17:24: error: expected '=', ',', ';', 'asm' or '__attribute__' before '{' token
 void err_msg(char* msg){
                        ^
test.c:24:23: error: expected '=', ',', ';', 'asm' or '__attribute__' before '{' token
 void ok_msg(char* msg){
                       ^
test.c:30:25: error: expected '=', ',', ';', 'asm' or '__attribute__' before '{' token
 void info_msg(char* msg){
                         ^
test.c:35:75: error: expected '=', ',', ';', 'asm' or '__attribute__' before '{' token
 int test_suite(int(*test)(), char* msg, int max_score, int id, int req_id){
                                                                           ^
test.c:51:26: error: expected '=', ',', ';', 'asm' or '__attribute__' before '{' token
 List* initialize_exList(){
                          ^
test.c:73:29: error: expected '=', ',', ';', 'asm' or '__attribute__' before '{' token
 List* initialize_emptyList(){
                             ^
test.c:83:18: error: expected '=', ',', ';', 'asm' or '__attribute__' before '{' token
 int test_create(){
                  ^
test.c:98:22: error: expected '=', ',', ';', 'asm' or '__attribute__' before '{' token
 int test_first_next(){
                      ^
test.c:171:21: error: expected '=', ',', ';', 'asm' or '__attribute__' before '{' token
 int test_last_prev(){
                     ^
test.c:233:21: error: expected '=', ',', ';', 'asm' or '__attribute__' before '{' token
 int test_pushfront(){
                     ^
test.c:298:23: error: expected '=', ',', ';', 'asm' or '__attribute__' before '{' token
 int test_pushcurrent(){
                       ^
test.c:357:22: error: expected '=', ',', ';', 'asm' or '__attribute__' before '{' token
 int test_popcurrent(){
                      ^
test.c:448:36: error: expected '=', ',', ';', 'asm' or '__attribute__' before '{' token
 int main( int argc, char *argv[] ) {
                                    ^
In file included from test.c:5:0:
list.c:32:11: error: old-style parameter declarations in prototyped function definition
     List *L (List *) malloc(sizeof(List));
           ^
list.c:32:5: error: parameter name omitted
     List *L (List *) malloc(sizeof(List));
     ^~~~
test.c:468:1: error: expected '{' at end of input
 }
 ^
test.c:468:1: error: no return statement in function returning non-void [-Werror=return-type]
test.c: In function 'createList':
test.c:468:1: error: expected declaration or statement at end of input
test.c:468:1: error: control reaches end of non-void function [-Werror=return-type]
 }
 ^
In file included from test.c:5:0:
At top level:
list.c:32:11: error: 'L' defined but not used [-Werror=unused-function]
     List *L (List *) malloc(sizeof(List));
           ^
cc1.exe: all warnings being treated as errors
Compilation failed
7cb6f59
Tue, Mar 25, 2025  8:08:39 PM: 
 list.c | 2 +-
 1 file changed, 1 insertion(+), 1 deletion(-)
In file included from test.c:5:0:
list.c: In function 'createList':
list.c:34:6: error: 'List {aka struct List}' has no member named 'size'
     L->size = 0;
      ^~
Compilation failed
8ba18e4
Tue, Mar 25, 2025  8:09:59 PM: 
 list.c | 5 +++--
 1 file changed, 3 insertions(+), 2 deletions(-)
 tests:  1|5
total_score: 10/70
2b26a27
Tue, Mar 25, 2025  8:10:52 PM: 
 list.c | 2 +-
 1 file changed, 1 insertion(+), 1 deletion(-)
 tests:  0|6
total_score: 0/70
22e4ebb
Tue, Mar 25, 2025  8:19:49 PM: 
 list.c | 5 +++--
 1 file changed, 3 insertions(+), 2 deletions(-)
 tests:  1|5
total_score: 10/70
788a562
Tue, Mar 25, 2025  8:21:53 PM: 
 list.c | 2 +-
 1 file changed, 1 insertion(+), 1 deletion(-)
 tests:  1|5
total_score: 10/70
2ea6a29
Tue, Mar 25, 2025  8:36:20 PM: 
 list.c | 1 +
 1 file changed, 1 insertion(+)
 tests:  1|5
total_score: 10/70
3bb0277
Tue, Mar 25, 2025  8:38:29 PM: 
 list.c | 3 ++-
 1 file changed, 2 insertions(+), 1 deletion(-)
 tests:  1|5
total_score: 10/70
c811d69
Tue, Mar 25, 2025  8:42:29 PM: 
 list.c | 4 ++--
 1 file changed, 2 insertions(+), 2 deletions(-)
 tests:  2|5
total_score: 15/70
128dddc
Tue, Mar 25, 2025  8:45:11 PM: 
 list.c | 3 ++-
 1 file changed, 2 insertions(+), 1 deletion(-)
 tests:  2|5
total_score: 15/70
4e3bc13
